<?xml version="1.0" encoding="UTF-8"?>
<!-- Generated by org.testng.reporters.JUnitReportReporter -->
<testsuite hostname="DESKTOP-UOVJQ5N" failures="0" tests="1" name="test.ng.emailable.report.Example1" time="0.012" errors="0" timestamp="2023-05-10T10:55:56 IST" skipped="0">
  <testcase classname="test.ng.emailable.report.Example1" name="logoutFunctionality" time="0.012"/>
  <system-out/>
</testsuite> <!-- test.ng.emailable.report.Example1 -->
