<?xml version="1.0" encoding="UTF-8"?>
<!-- Generated by org.testng.reporters.JUnitReportReporter -->
<testsuite hostname="DESKTOP-UOVJQ5N" failures="0" tests="1" name="test.ng.cross.browser.compatibility.testing.Example1" time="12.785" errors="0" timestamp="2023-05-10T18:57:31 IST" skipped="0">
  <testcase classname="test.ng.cross.browser.compatibility.testing.Example1" name="TC1" time="12.785"/>
  <system-out/>
</testsuite> <!-- test.ng.cross.browser.compatibility.testing.Example1 -->
