<?xml version="1.0" encoding="UTF-8"?>
<!-- Generated by org.testng.reporters.JUnitReportReporter -->
<testsuite hostname="DESKTOP-UOVJQ5N" failures="0" tests="2" name="test.ng.emailable.report.Example3" time="0.016" errors="0" timestamp="2023-05-10T11:02:56 IST" skipped="0">
  <testcase classname="test.ng.emailable.report.Example3" name="loginFunctionality" time="0.014"/>
  <system-out>
    <![CDATA[Verifying the Login functionality]]>
  </system-out>
  <testcase classname="test.ng.emailable.report.Example3" name="logoutFunctionality" time="0.002"/>
  <system-out>
    <![CDATA[Verifying the Logout functionality]]>
  </system-out>
</testsuite> <!-- test.ng.emailable.report.Example3 -->
