<?xml version="1.0" encoding="UTF-8"?>
<!-- Generated by org.testng.reporters.JUnitReportReporter -->
<testsuite hostname="DESKTOP-UOVJQ5N" failures="0" tests="2" name="test.ng.annotations.Example4" time="0.011" errors="0" timestamp="2023-05-10T11:12:41 IST" skipped="0">
  <testcase classname="test.ng.annotations.Example4" name="m6" time="0.003"/>
  <system-out/>
  <testcase classname="test.ng.annotations.Example4" name="m5" time="0.008"/>
  <system-out/>
</testsuite> <!-- test.ng.annotations.Example4 -->
